<?xml version="1.0" encoding="UTF-8"?>
<testsuite xmlns:xsi="http://www.w3.org/2001/XMLSchema-instance" xsi:noNamespaceSchemaLocation="https://maven.apache.org/surefire/maven-surefire-plugin/xsd/surefire-test-report-3.0.xsd" version="3.0" name="edu.unizg.foi.nwtis.jfletcher20.vjezba_04_dz_1.posluzitelji.PosluziteljKazniTest" time="0.303" tests="7" errors="0" skipped="0" failures="0">
  <properties>
    <property name="java.specification.version" value="21"/>
    <property name="sun.jnu.encoding" value="UTF-8"/>
    <property name="java.class.path" value="/home/NWTiS_1/jfletcher20/jfletcher20_vjezba_06/jfletcher20_vjezba_06_app/target/test-classes:/home/NWTiS_1/jfletcher20/jfletcher20_vjezba_06/jfletcher20_vjezba_06_app/target/classes:/home/NWTiS_1/jfletcher20/jfletcher20_vjezba_06/jfletcher20_vjezba_06_lib_konfig/target/jfletcher20_vjezba_06_lib_konfig-1.3.0.jar:/opt/m2/com/google/code/gson/gson/2.10.1/gson-2.10.1.jar:/opt/m2/org/junit/jupiter/junit-jupiter-engine/5.10.2/junit-jupiter-engine-5.10.2.jar:/opt/m2/org/junit/platform/junit-platform-engine/1.10.2/junit-platform-engine-1.10.2.jar:/opt/m2/org/opentest4j/opentest4j/1.3.0/opentest4j-1.3.0.jar:/opt/m2/org/junit/platform/junit-platform-commons/1.10.2/junit-platform-commons-1.10.2.jar:/opt/m2/org/junit/jupiter/junit-jupiter-api/5.10.2/junit-jupiter-api-5.10.2.jar:/opt/m2/org/apiguardian/apiguardian-api/1.1.2/apiguardian-api-1.1.2.jar:/opt/m2/org/apache/maven/plugins/maven-surefire-plugin/3.2.5/maven-surefire-plugin-3.2.5.jar:/opt/m2/org/apache/maven/surefire/maven-surefire-common/3.2.5/maven-surefire-common-3.2.5.jar:/opt/m2/org/apache/maven/surefire/surefire-api/3.2.5/surefire-api-3.2.5.jar:/opt/m2/org/apache/maven/surefire/surefire-logger-api/3.2.5/surefire-logger-api-3.2.5.jar:/opt/m2/org/apache/maven/surefire/surefire-extensions-api/3.2.5/surefire-extensions-api-3.2.5.jar:/opt/m2/org/apache/maven/surefire/surefire-booter/3.2.5/surefire-booter-3.2.5.jar:/opt/m2/org/apache/maven/surefire/surefire-extensions-spi/3.2.5/surefire-extensions-spi-3.2.5.jar:/opt/m2/org/eclipse/aether/aether-util/1.0.0.v20140518/aether-util-1.0.0.v20140518.jar:/opt/m2/org/eclipse/aether/aether-api/1.0.0.v20140518/aether-api-1.0.0.v20140518.jar:/opt/m2/org/apache/maven/shared/maven-common-artifact-filters/3.1.1/maven-common-artifact-filters-3.1.1.jar:/opt/m2/org/apache/maven/maven-artifact/3.1.0/maven-artifact-3.1.0.jar:/opt/m2/org/codehaus/plexus/plexus-utils/3.0.10/plexus-utils-3.0.10.jar:/opt/m2/org/apache/maven/maven-core/3.1.0/maven-core-3.1.0.jar:/opt/m2/org/apache/maven/maven-settings/3.1.0/maven-settings-3.1.0.jar:/opt/m2/org/apache/maven/maven-settings-builder/3.1.0/maven-settings-builder-3.1.0.jar:/opt/m2/org/apache/maven/maven-repository-metadata/3.1.0/maven-repository-metadata-3.1.0.jar:/opt/m2/org/apache/maven/maven-model-builder/3.1.0/maven-model-builder-3.1.0.jar:/opt/m2/org/apache/maven/maven-aether-provider/3.1.0/maven-aether-provider-3.1.0.jar:/opt/m2/org/eclipse/aether/aether-spi/0.9.0.M2/aether-spi-0.9.0.M2.jar:/opt/m2/org/eclipse/aether/aether-impl/0.9.0.M2/aether-impl-0.9.0.M2.jar:/opt/m2/org/eclipse/sisu/org.eclipse.sisu.plexus/0.0.0.M2a/org.eclipse.sisu.plexus-0.0.0.M2a.jar:/opt/m2/javax/enterprise/cdi-api/1.0/cdi-api-1.0.jar:/opt/m2/javax/annotation/jsr250-api/1.0/jsr250-api-1.0.jar:/opt/m2/javax/inject/javax.inject/1/javax.inject-1.jar:/opt/m2/com/google/guava/guava/10.0.1/guava-10.0.1.jar:/opt/m2/com/google/code/findbugs/jsr305/1.3.9/jsr305-1.3.9.jar:/opt/m2/org/sonatype/sisu/sisu-guice/3.1.0/sisu-guice-3.1.0-no_aop.jar:/opt/m2/aopalliance/aopalliance/1.0/aopalliance-1.0.jar:/opt/m2/org/eclipse/sisu/org.eclipse.sisu.inject/0.0.0.M2a/org.eclipse.sisu.inject-0.0.0.M2a.jar:/opt/m2/asm/asm/3.3.1/asm-3.3.1.jar:/opt/m2/org/codehaus/plexus/plexus-interpolation/1.16/plexus-interpolation-1.16.jar:/opt/m2/org/codehaus/plexus/plexus-classworlds/2.4.2/plexus-classworlds-2.4.2.jar:/opt/m2/org/codehaus/plexus/plexus-component-annotations/1.5.5/plexus-component-annotations-1.5.5.jar:/opt/m2/org/sonatype/plexus/plexus-sec-dispatcher/1.3/plexus-sec-dispatcher-1.3.jar:/opt/m2/org/sonatype/plexus/plexus-cipher/1.4/plexus-cipher-1.4.jar:/opt/m2/org/apache/maven/maven-plugin-api/3.1.0/maven-plugin-api-3.1.0.jar:/opt/m2/commons-io/commons-io/2.6/commons-io-2.6.jar:/opt/m2/org/codehaus/plexus/plexus-java/1.2.0/plexus-java-1.2.0.jar:/opt/m2/org/ow2/asm/asm/9.6/asm-9.6.jar:/opt/m2/com/thoughtworks/qdox/qdox/2.0.3/qdox-2.0.3.jar:/opt/m2/org/apache/maven/surefire/surefire-shared-utils/3.2.5/surefire-shared-utils-3.2.5.jar:/opt/m2/org/apache/maven/plugins/maven-failsafe-plugin/3.2.5/maven-failsafe-plugin-3.2.5.jar:"/>
    <property name="java.vm.vendor" value="Oracle Corporation"/>
    <property name="sun.arch.data.model" value="64"/>
    <property name="java.vendor.url" value="https://java.oracle.com/"/>
    <property name="user.timezone" value="Europe/Zagreb"/>
    <property name="os.name" value="Linux"/>
    <property name="java.vm.specification.version" value="21"/>
    <property name="sun.java.launcher" value="SUN_STANDARD"/>
    <property name="user.country" value="US"/>
    <property name="sun.boot.library.path" value="/usr/lib/jvm/jdk-21.0.2/lib"/>
    <property name="sun.java.command" value="/home/NWTiS_1/jfletcher20/jfletcher20_vjezba_06/jfletcher20_vjezba_06_app/target/surefire/surefirebooter-20240429152929596_3.jar /home/NWTiS_1/jfletcher20/jfletcher20_vjezba_06/jfletcher20_vjezba_06_app/target/surefire 2024-04-29T15-29-29_522-jvmRun1 surefire-20240429152929596_1tmp surefire_0-20240429152929596_2tmp"/>
    <property name="jdk.debug" value="release"/>
    <property name="surefire.test.class.path" value="/home/NWTiS_1/jfletcher20/jfletcher20_vjezba_06/jfletcher20_vjezba_06_app/target/test-classes:/home/NWTiS_1/jfletcher20/jfletcher20_vjezba_06/jfletcher20_vjezba_06_app/target/classes:/home/NWTiS_1/jfletcher20/jfletcher20_vjezba_06/jfletcher20_vjezba_06_lib_konfig/target/jfletcher20_vjezba_06_lib_konfig-1.3.0.jar:/opt/m2/com/google/code/gson/gson/2.10.1/gson-2.10.1.jar:/opt/m2/org/junit/jupiter/junit-jupiter-engine/5.10.2/junit-jupiter-engine-5.10.2.jar:/opt/m2/org/junit/platform/junit-platform-engine/1.10.2/junit-platform-engine-1.10.2.jar:/opt/m2/org/opentest4j/opentest4j/1.3.0/opentest4j-1.3.0.jar:/opt/m2/org/junit/platform/junit-platform-commons/1.10.2/junit-platform-commons-1.10.2.jar:/opt/m2/org/junit/jupiter/junit-jupiter-api/5.10.2/junit-jupiter-api-5.10.2.jar:/opt/m2/org/apiguardian/apiguardian-api/1.1.2/apiguardian-api-1.1.2.jar:/opt/m2/org/apache/maven/plugins/maven-surefire-plugin/3.2.5/maven-surefire-plugin-3.2.5.jar:/opt/m2/org/apache/maven/surefire/maven-surefire-common/3.2.5/maven-surefire-common-3.2.5.jar:/opt/m2/org/apache/maven/surefire/surefire-api/3.2.5/surefire-api-3.2.5.jar:/opt/m2/org/apache/maven/surefire/surefire-logger-api/3.2.5/surefire-logger-api-3.2.5.jar:/opt/m2/org/apache/maven/surefire/surefire-extensions-api/3.2.5/surefire-extensions-api-3.2.5.jar:/opt/m2/org/apache/maven/surefire/surefire-booter/3.2.5/surefire-booter-3.2.5.jar:/opt/m2/org/apache/maven/surefire/surefire-extensions-spi/3.2.5/surefire-extensions-spi-3.2.5.jar:/opt/m2/org/eclipse/aether/aether-util/1.0.0.v20140518/aether-util-1.0.0.v20140518.jar:/opt/m2/org/eclipse/aether/aether-api/1.0.0.v20140518/aether-api-1.0.0.v20140518.jar:/opt/m2/org/apache/maven/shared/maven-common-artifact-filters/3.1.1/maven-common-artifact-filters-3.1.1.jar:/opt/m2/org/apache/maven/maven-artifact/3.1.0/maven-artifact-3.1.0.jar:/opt/m2/org/codehaus/plexus/plexus-utils/3.0.10/plexus-utils-3.0.10.jar:/opt/m2/org/apache/maven/maven-core/3.1.0/maven-core-3.1.0.jar:/opt/m2/org/apache/maven/maven-settings/3.1.0/maven-settings-3.1.0.jar:/opt/m2/org/apache/maven/maven-settings-builder/3.1.0/maven-settings-builder-3.1.0.jar:/opt/m2/org/apache/maven/maven-repository-metadata/3.1.0/maven-repository-metadata-3.1.0.jar:/opt/m2/org/apache/maven/maven-model-builder/3.1.0/maven-model-builder-3.1.0.jar:/opt/m2/org/apache/maven/maven-aether-provider/3.1.0/maven-aether-provider-3.1.0.jar:/opt/m2/org/eclipse/aether/aether-spi/0.9.0.M2/aether-spi-0.9.0.M2.jar:/opt/m2/org/eclipse/aether/aether-impl/0.9.0.M2/aether-impl-0.9.0.M2.jar:/opt/m2/org/eclipse/sisu/org.eclipse.sisu.plexus/0.0.0.M2a/org.eclipse.sisu.plexus-0.0.0.M2a.jar:/opt/m2/javax/enterprise/cdi-api/1.0/cdi-api-1.0.jar:/opt/m2/javax/annotation/jsr250-api/1.0/jsr250-api-1.0.jar:/opt/m2/javax/inject/javax.inject/1/javax.inject-1.jar:/opt/m2/com/google/guava/guava/10.0.1/guava-10.0.1.jar:/opt/m2/com/google/code/findbugs/jsr305/1.3.9/jsr305-1.3.9.jar:/opt/m2/org/sonatype/sisu/sisu-guice/3.1.0/sisu-guice-3.1.0-no_aop.jar:/opt/m2/aopalliance/aopalliance/1.0/aopalliance-1.0.jar:/opt/m2/org/eclipse/sisu/org.eclipse.sisu.inject/0.0.0.M2a/org.eclipse.sisu.inject-0.0.0.M2a.jar:/opt/m2/asm/asm/3.3.1/asm-3.3.1.jar:/opt/m2/org/codehaus/plexus/plexus-interpolation/1.16/plexus-interpolation-1.16.jar:/opt/m2/org/codehaus/plexus/plexus-classworlds/2.4.2/plexus-classworlds-2.4.2.jar:/opt/m2/org/codehaus/plexus/plexus-component-annotations/1.5.5/plexus-component-annotations-1.5.5.jar:/opt/m2/org/sonatype/plexus/plexus-sec-dispatcher/1.3/plexus-sec-dispatcher-1.3.jar:/opt/m2/org/sonatype/plexus/plexus-cipher/1.4/plexus-cipher-1.4.jar:/opt/m2/org/apache/maven/maven-plugin-api/3.1.0/maven-plugin-api-3.1.0.jar:/opt/m2/commons-io/commons-io/2.6/commons-io-2.6.jar:/opt/m2/org/codehaus/plexus/plexus-java/1.2.0/plexus-java-1.2.0.jar:/opt/m2/org/ow2/asm/asm/9.6/asm-9.6.jar:/opt/m2/com/thoughtworks/qdox/qdox/2.0.3/qdox-2.0.3.jar:/opt/m2/org/apache/maven/surefire/surefire-shared-utils/3.2.5/surefire-shared-utils-3.2.5.jar:/opt/m2/org/apache/maven/plugins/maven-failsafe-plugin/3.2.5/maven-failsafe-plugin-3.2.5.jar:"/>
    <property name="sun.cpu.endian" value="little"/>
    <property name="user.home" value="/home/NWTiS_1"/>
    <property name="user.language" value="en"/>
    <property name="java.specification.vendor" value="Oracle Corporation"/>
    <property name="java.version.date" value="2024-01-16"/>
    <property name="java.home" value="/usr/lib/jvm/jdk-21.0.2"/>
    <property name="file.separator" value="/"/>
    <property name="basedir" value="/home/NWTiS_1/jfletcher20/jfletcher20_vjezba_06/jfletcher20_vjezba_06_app"/>
    <property name="java.vm.compressedOopsMode" value="32-bit"/>
    <property name="line.separator" value="&#10;"/>
    <property name="java.specification.name" value="Java Platform API Specification"/>
    <property name="java.vm.specification.vendor" value="Oracle Corporation"/>
    <property name="surefire.real.class.path" value="/home/NWTiS_1/jfletcher20/jfletcher20_vjezba_06/jfletcher20_vjezba_06_app/target/surefire/surefirebooter-20240429152929596_3.jar"/>
    <property name="sun.management.compiler" value="HotSpot 64-Bit Tiered Compilers"/>
    <property name="java.runtime.version" value="21.0.2+13-58"/>
    <property name="user.name" value="NWTiS_1"/>
    <property name="stdout.encoding" value="UTF-8"/>
    <property name="path.separator" value=":"/>
    <property name="os.version" value="5.15.0-97-generic"/>
    <property name="java.runtime.name" value="OpenJDK Runtime Environment"/>
    <property name="file.encoding" value="UTF-8"/>
    <property name="java.vm.name" value="OpenJDK 64-Bit Server VM"/>
    <property name="localRepository" value="/opt/m2"/>
    <property name="java.vendor.url.bug" value="https://bugreport.java.com/bugreport/"/>
    <property name="java.io.tmpdir" value="/tmp"/>
    <property name="java.version" value="21.0.2"/>
    <property name="user.dir" value="/home/NWTiS_1/jfletcher20/jfletcher20_vjezba_06/jfletcher20_vjezba_06_app"/>
    <property name="os.arch" value="amd64"/>
    <property name="java.vm.specification.name" value="Java Virtual Machine Specification"/>
    <property name="native.encoding" value="UTF-8"/>
    <property name="java.library.path" value="/usr/java/packages/lib:/usr/lib64:/lib64:/lib:/usr/lib"/>
    <property name="java.vm.info" value="mixed mode, sharing"/>
    <property name="stderr.encoding" value="UTF-8"/>
    <property name="java.vendor" value="Oracle Corporation"/>
    <property name="java.vm.version" value="21.0.2+13-58"/>
    <property name="sun.io.unicode.encoding" value="UnicodeLittle"/>
    <property name="java.class.version" value="65.0"/>
  </properties>
  <testcase name="testPreuzmiPostavke" classname="edu.unizg.foi.nwtis.jfletcher20.vjezba_04_dz_1.posluzitelji.PosluziteljKazniTest" time="0.09"/>
  <testcase name="testObradaZahtjevaKazna" classname="edu.unizg.foi.nwtis.jfletcher20.vjezba_04_dz_1.posluzitelji.PosluziteljKazniTest" time="0.023">
    <system-out><![CDATA[Id: 1 Vrijeme od: 19.01.1970 19:00:00.000  Vrijeme do: 19.01.1970 19:00:00.001 Brzina: 100.0 GPS: 45.0, 45.0
]]></system-out>
  </testcase>
  <testcase name="testObradaZahtjeva" classname="edu.unizg.foi.nwtis.jfletcher20.vjezba_04_dz_1.posluzitelji.PosluziteljKazniTest" time="0.003">
    <system-out><![CDATA[Id: 1 Vrijeme od: 19.01.1970 19:00:00.000  Vrijeme do: 19.01.1970 19:00:00.001 Brzina: 100.0 GPS: 45.0, 45.0
]]></system-out>
  </testcase>
  <testcase name="testPokreniPosluzitelja" classname="edu.unizg.foi.nwtis.jfletcher20.vjezba_04_dz_1.posluzitelji.PosluziteljKazniTest" time="0.008">
    <system-err><![CDATA[Exception in thread "" ]]></system-err>
  </testcase>
  <testcase name="testMain" classname="edu.unizg.foi.nwtis.jfletcher20.vjezba_04_dz_1.posluzitelji.PosluziteljKazniTest" time="0.126">
    <system-err><![CDATA[java.lang.NullPointerException: Cannot invoke "edu.unizg.foi.nwtis.jfletcher20.vjezba_04_dz_1.posluzitelji.PosluziteljKazni.pokreniPosluzitelja()" because "this.posluziteljKazni" is null
	at edu.unizg.foi.nwtis.jfletcher20.vjezba_04_dz_1.posluzitelji.PosluziteljKazniTest.lambda$testPokreniPosluzitelja$1(PosluziteljKazniTest.java:126)
	at java.base/java.lang.VirtualThread.run(VirtualThread.java:309)
java.net.SocketException: Closed by interrupt
	at java.base/java.net.ServerSocket.implAccept(ServerSocket.java:705)
	at java.base/java.net.ServerSocket.platformImplAccept(ServerSocket.java:663)
	at java.base/java.net.ServerSocket.implAccept(ServerSocket.java:639)
	at java.base/java.net.ServerSocket.implAccept(ServerSocket.java:585)
	at java.base/java.net.ServerSocket.accept(ServerSocket.java:543)
	at edu.unizg.foi.nwtis.jfletcher20.vjezba_04_dz_1.posluzitelji.PosluziteljKazni.pokreniPosluzitelja(PosluziteljKazni.java:96)
]]></system-err>
  </testcase>
  <testcase name="testObradaZahtjevaStatistike" classname="edu.unizg.foi.nwtis.jfletcher20.vjezba_04_dz_1.posluzitelji.PosluziteljKazniTest" time="0.006">
    <system-out><![CDATA[Id: 1 Vrijeme od: 19.01.1970 19:00:00.000  Vrijeme do: 19.01.1970 19:00:00.001 Brzina: 100.0 GPS: 45.0, 45.0
]]></system-out>
    <system-err><![CDATA[	at edu.unizg.foi.nwtis.jfletcher20.vjezba_04_dz_1.posluzitelji.PosluziteljKazni.main(PosluziteljKazni.java:83)
	at edu.unizg.foi.nwtis.jfletcher20.vjezba_04_dz_1.posluzitelji.PosluziteljKazniTest.lambda$testMain$0(PosluziteljKazniTest.java:99)
	at java.base/java.lang.VirtualThread.run(VirtualThread.java:309)
]]></system-err>
  </testcase>
  <testcase name="testObradaZahtjevaDohvatiKaznu" classname="edu.unizg.foi.nwtis.jfletcher20.vjezba_04_dz_1.posluzitelji.PosluziteljKazniTest" time="0.004"/>
</testsuite>